Array
(
    [content] => 423327
    [status] => hoantat
    [thucnhan] => 44500
    [menhgiathuc] => 10000
)
Array
(
    [content] => 454785
    [status] => hoantat
    [thucnhan] => 8800
    [menhgiathuc] => 10000
)
Array
(
    [content] => 306019
    [status] => thatbai
    [thucnhan] => 0
    [menhgiathuc] => 0
)
Array
(
    [content] => 741227
    [status] => hoantat
    [thucnhan] => 17600
    [menhgiathuc] => 20000
)
Array
(
    [content] => 242367
    [status] => hoantat
    [thucnhan] => 88000
    [menhgiathuc] => 100000
)
Array
(
    [content] => 334912
    [status] => thatbai
    [thucnhan] => 0
    [menhgiathuc] => 0
)
Array
(
    [content] => 487768
    [status] => thatbai
    [thucnhan] => 0
    [menhgiathuc] => 0
)
Array
(
    [content] => 710994
    [status] => hoantat
    [thucnhan] => 17800
    [menhgiathuc] => 20000
)
Array
(
    [content] => 717018
    [status] => thatbai
    [thucnhan] => 0
    [menhgiathuc] => 0
)
Array
(
    [content] => 405932
    [status] => hoantat
    [thucnhan] => 44000
    [menhgiathuc] => 50000
)
Array
(
    [content] => 279422
    [status] => hoantat
    [thucnhan] => 17600
    [menhgiathuc] => 20000
)
Array
(
    [content] => 444889
    [status] => hoantat
    [thucnhan] => 17600
    [menhgiathuc] => 20000
)
Array
(
    [content] => 253876
    [status] => hoantat
    [thucnhan] => 88000
    [menhgiathuc] => 100000
)
Array
(
    [content] => 490890
    [status] => thatbai
    [thucnhan] => 0
    [menhgiathuc] => 0
)
Array
(
    [content] => 382205
    [status] => hoantat
    [thucnhan] => 17800
    [menhgiathuc] => 20000
)
Array
(
    [content] => 205405
    [status] => thatbai
    [thucnhan] => 0
    [menhgiathuc] => 0
)
Array
(
    [content] => 355364
    [status] => hoantat
    [thucnhan] => 44500
    [menhgiathuc] => 50000
)
Array
(
    [content] => 504220
    [status] => hoantat
    [thucnhan] => 44000
    [menhgiathuc] => 50000
)
Array
(
    [content] => 650362
    [status] => thatbai
    [thucnhan] => 0
    [menhgiathuc] => 0
)
Array
(
    [content] => 951247
    [status] => thatbai
    [thucnhan] => 0
    [menhgiathuc] => 0
)
Array
(
    [content] => 996334
    [status] => hoantat
    [thucnhan] => 88000
    [menhgiathuc] => 100000
)
Array
(
    [content] => 364330
    [status] => hoantat
    [thucnhan] => 44000
    [menhgiathuc] => 50000
)
